  Camera.cpp
  코드를 생성하고 있습니다...
  컴파일하고 있습니다...
  Scene.cpp
  Player.cpp
  Object.cpp
c:\users\dydrn\onedrive\문서\visual studio 2015\projects\labprojects\labprojects\labproject07-0\object.cpp(16): error C2248: 'CMesh::Release': protected 멤버('CMesh' 클래스에서 선언)에 액세스할 수 없습니다.
  c:\users\dydrn\onedrive\문서\visual studio 2015\projects\labprojects\labprojects\labproject07-0\mesh.h(44): note: 'CMesh::Release' 선언을 참조하십시오.
  c:\users\dydrn\onedrive\문서\visual studio 2015\projects\labprojects\labprojects\labproject07-0\mesh.h(34): note: 'CMesh' 선언을 참조하십시오.
c:\users\dydrn\onedrive\문서\visual studio 2015\projects\labprojects\labprojects\labproject07-0\object.cpp(33): error C2248: 'CMesh::Release': protected 멤버('CMesh' 클래스에서 선언)에 액세스할 수 없습니다.
  c:\users\dydrn\onedrive\문서\visual studio 2015\projects\labprojects\labprojects\labproject07-0\mesh.h(44): note: 'CMesh::Release' 선언을 참조하십시오.
  c:\users\dydrn\onedrive\문서\visual studio 2015\projects\labprojects\labprojects\labproject07-0\mesh.h(34): note: 'CMesh' 선언을 참조하십시오.
c:\users\dydrn\onedrive\문서\visual studio 2015\projects\labprojects\labprojects\labproject07-0\object.cpp(35): error C2248: 'CMesh::AddRef': protected 멤버('CMesh' 클래스에서 선언)에 액세스할 수 없습니다.
  c:\users\dydrn\onedrive\문서\visual studio 2015\projects\labprojects\labprojects\labproject07-0\mesh.h(43): note: 'CMesh::AddRef' 선언을 참조하십시오.
  c:\users\dydrn\onedrive\문서\visual studio 2015\projects\labprojects\labprojects\labproject07-0\mesh.h(34): note: 'CMesh' 선언을 참조하십시오.
c:\users\dydrn\onedrive\문서\visual studio 2015\projects\labprojects\labprojects\labproject07-0\object.cpp(56): error C2248: 'CMesh::Render': protected 멤버('CMesh' 클래스에서 선언)에 액세스할 수 없습니다.
  c:\users\dydrn\onedrive\문서\visual studio 2015\projects\labprojects\labprojects\labproject07-0\mesh.h(89): note: 'CMesh::Render' 선언을 참조하십시오.
  c:\users\dydrn\onedrive\문서\visual studio 2015\projects\labprojects\labprojects\labproject07-0\mesh.h(34): note: 'CMesh' 선언을 참조하십시오.
  Mesh.cpp
c:\users\dydrn\onedrive\문서\visual studio 2015\projects\labprojects\labprojects\labproject07-0\mesh.cpp(205): warning C4267: '초기화 중': 'size_t'에서 'int'(으)로 변환하면서 데이터가 손실될 수 있습니다.
c:\users\dydrn\onedrive\문서\visual studio 2015\projects\labprojects\labprojects\labproject07-0\mesh.cpp(207): warning C4267: '=': 'size_t'에서 'int'(으)로 변환하면서 데이터가 손실될 수 있습니다.
c:\users\dydrn\onedrive\문서\visual studio 2015\projects\labprojects\labprojects\labproject07-0\mesh.cpp(244): warning C4267: '=': 'size_t'에서 'int'(으)로 변환하면서 데이터가 손실될 수 있습니다.
c:\users\dydrn\onedrive\문서\visual studio 2015\projects\labprojects\labprojects\labproject07-0\mesh.cpp(246): warning C4267: '=': 'size_t'에서 'int'(으)로 변환하면서 데이터가 손실될 수 있습니다.
  LabProject07-0.cpp
  GameFramework.cpp
  코드를 생성하고 있습니다...
